<?xml version="1.0" encoding="UTF-8"?>
<testng-results ignored="0" total="1" passed="1" failed="0" skipped="0">
  <reporter-output>
  </reporter-output>
  <suite started-at="2025-09-14T00:50:05 EDT" name="Surefire suite" finished-at="2025-09-14T00:50:10 EDT" duration-ms="4260">
    <groups>
    </groups>
    <test started-at="2025-09-14T00:50:05 EDT" name="Surefire test" finished-at="2025-09-14T00:50:10 EDT" duration-ms="4260">
      <class name="com.example.selenium.selenium_tests.Tests">
        <test-method is-config="true" signature="setUp()[pri:0, instance:com.example.selenium.selenium_tests.Tests@3e3047e6]" started-at="2025-09-14T00:50:05 EDT" name="setUp" finished-at="2025-09-14T00:50:09 EDT" duration-ms="3460" status="PASS">
          <reporter-output>
          </reporter-output>
        </test-method> <!-- setUp -->
        <test-method signature="firstTest()[pri:0, instance:com.example.selenium.selenium_tests.Tests@3e3047e6]" started-at="2025-09-14T00:50:09 EDT" name="firstTest" finished-at="2025-09-14T00:50:10 EDT" duration-ms="681" status="PASS">
          <reporter-output>
          </reporter-output>
        </test-method> <!-- firstTest -->
        <test-method is-config="true" signature="tearDown()[pri:0, instance:com.example.selenium.selenium_tests.Tests@3e3047e6]" started-at="2025-09-14T00:50:10 EDT" name="tearDown" finished-at="2025-09-14T00:50:10 EDT" duration-ms="96" status="PASS">
          <reporter-output>
          </reporter-output>
        </test-method> <!-- tearDown -->
      </class> <!-- com.example.selenium.selenium_tests.Tests -->
    </test> <!-- Surefire test -->
  </suite> <!-- Surefire suite -->
</testng-results>
