<?xml version="1.0" encoding="UTF-8"?>
<testng-results ignored="0" total="1" passed="1" failed="0" skipped="0">
  <reporter-output>
  </reporter-output>
  <suite started-at="2025-09-14T23:42:58 EDT" name="Suite" finished-at="2025-09-14T23:43:02 EDT" duration-ms="4600">
    <groups>
    </groups>
    <test started-at="2025-09-14T23:42:58 EDT" name="Test" finished-at="2025-09-14T23:43:02 EDT" duration-ms="4600">
      <class name="com.example.selenium.selenium_tests.Tests">
        <test-method is-config="true" signature="setUp()[pri:0, instance:com.example.selenium.selenium_tests.Tests@2b30a42c]" started-at="2025-09-14T23:42:58 EDT" name="setUp" finished-at="2025-09-14T23:43:01 EDT" duration-ms="3612" status="PASS">
          <reporter-output>
          </reporter-output>
        </test-method> <!-- setUp -->
        <test-method signature="firstTest()[pri:0, instance:com.example.selenium.selenium_tests.Tests@2b30a42c]" started-at="2025-09-14T23:43:01 EDT" name="firstTest" finished-at="2025-09-14T23:43:02 EDT" duration-ms="877" status="PASS">
          <reporter-output>
          </reporter-output>
        </test-method> <!-- firstTest -->
        <test-method is-config="true" signature="tearDown()[pri:0, instance:com.example.selenium.selenium_tests.Tests@2b30a42c]" started-at="2025-09-14T23:43:02 EDT" name="tearDown" finished-at="2025-09-14T23:43:02 EDT" duration-ms="85" status="PASS">
          <reporter-output>
          </reporter-output>
        </test-method> <!-- tearDown -->
      </class> <!-- com.example.selenium.selenium_tests.Tests -->
    </test> <!-- Test -->
  </suite> <!-- Suite -->
</testng-results>
