<?xml version="1.0" encoding="UTF-8"?>
<testng-results ignored="0" total="1" passed="1" failed="0" skipped="0">
  <reporter-output>
  </reporter-output>
  <suite started-at="2025-09-14T00:32:15 EDT" name="Suite" finished-at="2025-09-14T00:32:18 EDT" duration-ms="3727">
    <groups>
    </groups>
    <test started-at="2025-09-14T00:32:15 EDT" name="Test" finished-at="2025-09-14T00:32:18 EDT" duration-ms="3727">
      <class name="com.example.selenium.selenium_tests.Tests">
        <test-method is-config="true" signature="setUp()[pri:0, instance:com.example.selenium.selenium_tests.Tests@4a94ee4]" started-at="2025-09-14T00:32:15 EDT" name="setUp" finished-at="2025-09-14T00:32:17 EDT" duration-ms="2839" status="PASS">
          <reporter-output>
          </reporter-output>
        </test-method> <!-- setUp -->
        <test-method signature="firstTest()[pri:0, instance:com.example.selenium.selenium_tests.Tests@4a94ee4]" started-at="2025-09-14T00:32:17 EDT" name="firstTest" finished-at="2025-09-14T00:32:18 EDT" duration-ms="761" status="PASS">
          <reporter-output>
          </reporter-output>
        </test-method> <!-- firstTest -->
        <test-method is-config="true" signature="tearDown()[pri:0, instance:com.example.selenium.selenium_tests.Tests@4a94ee4]" started-at="2025-09-14T00:32:18 EDT" name="tearDown" finished-at="2025-09-14T00:32:18 EDT" duration-ms="99" status="PASS">
          <reporter-output>
          </reporter-output>
        </test-method> <!-- tearDown -->
      </class> <!-- com.example.selenium.selenium_tests.Tests -->
    </test> <!-- Test -->
  </suite> <!-- Suite -->
</testng-results>
